<?xml version="1.0" encoding="UTF-8"?>
<!-- Generated by org.testng.reporters.JUnitReportReporter -->
<testsuite hostname="LAPTOP-74HBID86" failures="0" tests="1" name="demoProject.AddProductTest" time="21.748" errors="0" timestamp="2025-05-09T12:18:44 IST" skipped="0">
  <testcase classname="demoProject.AddProductTest" name="Addproduct" time="21.748"/>
  <system-out/>
</testsuite> <!-- demoProject.AddProductTest -->
