<?xml version="1.0" encoding="UTF-8"?>
<!-- Generated by org.testng.reporters.JUnitReportReporter -->
<testsuite hostname="LAPTOP-74HBID86" failures="0" tests="1" name="demoProject.DemoTest" time="12.502" errors="0" timestamp="2025-05-09T10:17:20 IST" skipped="0">
  <testcase classname="demoProject.DemoTest" name="demo" time="12.502"/>
  <system-out/>
</testsuite> <!-- demoProject.DemoTest -->
